<?xml version="1.0" encoding="UTF-8"?>
<testsuite errors="0" failures="0" name="Complejos_tests.TestComplejos-20170527170924" skipped="0" tests="4" time="0.000">
	<testcase classname="Complejos_tests.TestComplejos" name="test_multiplicar" time="0.000"/>
	<testcase classname="Complejos_tests.TestComplejos" name="test_prueba" time="0.000"/>
	<testcase classname="Complejos_tests.TestComplejos" name="test_restar" time="0.000"/>
	<testcase classname="Complejos_tests.TestComplejos" name="test_sumar" time="0.000"/>
	<system-out>
<![CDATA[]]>	</system-out>
	<system-err>
<![CDATA[]]>	</system-err>
</testsuite>
